This is pdfTeXk, Version 3.141592-1.40.3 (Web2C 7.5.6) (format=pdflatex 2010.1.26)  28 JAN 2010 12:14
entering extended mode
 file:line:error style messages enabled.
 %&-line parsing enabled.
**HDMG-20100119.tex
(./HDMG-20100119.tex
LaTeX2e <2005/12/01>
Babel <v3.8h> and hyphenation patterns for english, usenglishmax, dumylang, noh
yphenation, arabic, basque, bulgarian, coptic, welsh, czech, slovak, german, ng
erman, danish, esperanto, spanish, catalan, galician, estonian, farsi, finnish,
 french, greek, monogreek, ancientgreek, croatian, hungarian, interlingua, ibyc
us, indonesian, icelandic, italian, latin, mongolian, dutch, norsk, polish, por
tuguese, pinyin, romanian, russian, slovenian, uppersorbian, serbian, swedish, 
turkish, ukenglish, ukrainian, loaded.

./HDMG-20100119.tex:1: LaTeX Error: Missing \begin{document}.

See the LaTeX manual or LaTeX Companion for explanation.
Type  H <return>  for immediate help.
 ...                                              
                                                  
l.1 <
     !DOCTYPE HTML PUBLIC "-//IETF//DTD HTML 2.0//EN">
? 
./HDMG-20100119.tex:1: Emergency stop.
 ...                                              
                                                  
l.1 <
     !DOCTYPE HTML PUBLIC "-//IETF//DTD HTML 2.0//EN">
You're in trouble here.  Try typing  <return>  to proceed.
If that doesn't work, type  X <return>  to quit.

 
Here is how much of TeX's memory you used:
 6 strings out of 256216
 296 string characters out of 1917072
 48804 words of memory out of 1500000
 3390 multiletter control sequences out of 10000+200000
 3640 words of font info for 14 fonts, out of 1200000 for 2000
 645 hyphenation exceptions out of 8191
 5i,0n,4p,70b,14s stack positions out of 5000i,500n,6000p,200000b,15000s
./HDMG-20100119.tex:1:  ==> Fatal error occurred, no output PDF file produced!
